mktextfm jerus10
mktextfm jerus10
mktextfm deads10
mktextfm jerus10
mktextfm jerus10
mktextfm deads10
mktextfm deads10
mktextfm deads10
mktextfm jerus10
mktextfm deads10
mktextfm oldjaf10
mktextfm jerus10
mktextfm jerus10
mktextfm deads10
mktextfm jerus10
mktextfm jerus10
mktextfm deads10
mktextfm deads10
mktextfm deads10
mktextfm jerus10
mktextfm deads10
mktextfm oldjaf10
mktextfm jerus10
mktextfm jerus10
mktextfm deads10
mktextfm jerus10
mktextfm jerus10
mktextfm deads10
mktextfm jerus10
mktextfm deads10
mktextfm oldjaf10
mktextfm jerus10
mktextfm jerus10
mktextfm deads10
mktextfm jerus10
mktextfm jerus10
mktextfm deads10
mktextfm jerus10
mktextfm deads10
mktextfm oldjaf10
mktextfm jerus10
mktextfm jerus10
mktextfm deads10
mktextfm jerus10
mktextfm jerus10
mktextfm deads10
mktextfm jerus10
mktextfm deads10
mktextfm oldjaf10
mktextfm jerus10
mktextfm jerus10
mktextfm deads10
mktextfm jerus10
mktextfm jerus10
mktextfm deads10
mktextfm jerus10
mktextfm deads10
mktextfm oldjaf10
mktextfm jerus10
mktextfm jerus10
mktextfm deads10
mktextfm jerus10
mktextfm jerus10
mktextfm deads10
mktextfm jerus10
mktextfm deads10
mktextfm oldjaf10
mktextfm jerus10
mktextfm jerus10
mktextfm deads10
mktextfm jerus10
mktextfm jerus10
mktextfm deads10
mktextfm jerus10
mktextfm deads10
mktextfm oldjaf10
mktextfm jerus10
mktextfm jerus10
mktextfm deads10
mktextfm jerus10
mktextfm jerus10
mktextfm deads10
mktextfm oldjaf10
mktextfm jerus10
mktextfm deads10
mktextfm oldjaf10
mktextfm jerus10
mktextfm jerus10
mktextfm deads10
mktextfm jerus10
mktextfm jerus10
mktextfm deads10
mktextfm oldjaf10
mktextfm jerus10
mktextfm deads10
mktextfm oldjaf10
mktextfm jerus10
mktextfm jerus10
mktextfm deads10
mktextfm jerus10
mktextfm jerus10
mktextfm deads10
mktextfm oldjaf10
mktextfm jerus10
mktextfm deads10
mktextfm oldjaf10
mktextfm jerus10
mktextfm jerus10
mktextfm jerus10
mktextfm deads10
mktextfm jerus10
mktextfm jerus10
mktextfm deads10
mktextfm oldjaf10
mktextfm jerus10
mktextfm deads10
mktextfm oldjaf10
mktextfm jerus10
mktextfm jerus10
mktextfm deads10
mktextfm jerus10
mktextfm jerus10
mktextfm deads10
mktextfm oldjaf10
mktextfm jerus10
mktextfm deads10
mktextfm oldjaf10
mktextfm jerus10
mktextfm jerus10
mktextfm deads10
mktextfm jerus10
mktextfm jerus10
mktextfm deads10
mktextfm oldjaf10
mktextfm jerus10
mktextfm deads10
mktextfm oldjaf10
mktextfm jerus10
mktextfm jerus10
mktextfm jerus10
mktextfm cmr10+20
mktextfm cmr10-20
mktextfm cmr10+20
mktextfm cmr10-20
mktextfm cmr12+20
mktextfm cmr12-20
mktextfm cmti10+20
mktextfm cmti10-20
mktextfm cmcsc10+20
mktextfm cmcsc10-20
mktextfm cmr10+20
mktextfm cmr10-20
mktextfm cmr10+20
mktextfm cmr10-20
mktextfm cmr12+20
mktextfm cmr12-20
mktextfm cmti10+20
mktextfm cmti10-20
mktextfm cmcsc10+20
mktextfm cmcsc10-20
mktextfm cmr10+20
mktextfm cmr10-20
mktextfm cmr10+20
mktextfm cmr10-20
mktextfm cmr12+20
mktextfm cmr12-20
mktextfm cmti10+20
mktextfm cmti10-20
mktextfm cmcsc10+20
mktextfm cmcsc10-20
