\BOOKMARK [0][-]{chapter*.2}{List of Figures}{}% 1
\BOOKMARK [0][-]{chapter*.3}{Abstract}{}% 2
\BOOKMARK [0][-]{chapter.4}{1 Introduction}{}% 3
\BOOKMARK [0][-]{chapter.9}{2 Infinite Odometry}{}% 4
\BOOKMARK [1][-]{section.10}{2.1 Introduction}{chapter.9}% 5
\BOOKMARK [1][-]{section.16}{2.2 Preliminaries and Notation}{chapter.9}% 6
\BOOKMARK [2][-]{subsection.17}{2.2.1 Image Point Mapping Related to Camera Motion}{section.16}% 7
\BOOKMARK [1][-]{section.27}{2.3 Motion Estimation}{chapter.9}% 8
\BOOKMARK [2][-]{subsection.28}{2.3.1 Stereo}{section.27}% 9
\BOOKMARK [2][-]{subsection.43}{2.3.2 Mono}{section.27}% 10
\BOOKMARK [1][-]{section.51}{2.4 Experimental Results}{chapter.9}% 11
\BOOKMARK [2][-]{subsection.52}{2.4.1 The Choice of Features}{section.51}% 12
\BOOKMARK [2][-]{subsection.55}{2.4.2 Experimental Results}{section.51}% 13
\BOOKMARK [1][-]{section.58}{2.5 Conclusions and Discussion}{chapter.9}% 14
\BOOKMARK [0][-]{chapter.61}{3 Monocular Scale}{}% 15
\BOOKMARK [1][-]{section.62}{3.1 Introduction}{chapter.61}% 16
\BOOKMARK [1][-]{section.63}{3.2 Related work}{chapter.61}% 17
\BOOKMARK [2][-]{subsection.66}{3.2.1 Our method}{section.63}% 18
\BOOKMARK [1][-]{section.67}{3.3 Random forest}{chapter.61}% 19
\BOOKMARK [2][-]{subsection.68}{3.3.1 Decision trees}{section.67}% 20
\BOOKMARK [2][-]{subsection.74}{3.3.2 Bagging}{section.67}% 21
\BOOKMARK [2][-]{subsection.75}{3.3.3 Random Forest}{section.67}% 22
\BOOKMARK [1][-]{section.76}{3.4 Convolutional Neural Networks}{chapter.61}% 23
\BOOKMARK [2][-]{subsection.77}{3.4.1 ZF}{section.76}% 24
\BOOKMARK [2][-]{subsection.80}{3.4.2 FlowNet}{section.76}% 25
\BOOKMARK [1][-]{section.82}{3.5 Recurrent Neural Networks}{chapter.61}% 26
\BOOKMARK [1][-]{section.87}{3.6 Experiments}{chapter.61}% 27
\BOOKMARK [2][-]{subsection.88}{3.6.1 Data-set}{section.87}% 28
\BOOKMARK [2][-]{subsection.90}{3.6.2 Random Forest}{section.87}% 29
\BOOKMARK [2][-]{subsection.91}{3.6.3 Feature Extraction}{section.87}% 30
\BOOKMARK [1][-]{section.94}{3.7 Neural networks}{chapter.61}% 31
\BOOKMARK [1][-]{section.98}{3.8 Results}{chapter.61}% 32
\BOOKMARK [0][-]{chapter.100}{4 Conclusion and open questions}{}% 33
\BOOKMARK [1][-]{section.101}{4.1 Some conclusion}{chapter.100}% 34
\BOOKMARK [1][-]{section.102}{4.2 Some open questions}{chapter.100}% 35
\BOOKMARK [0][-]{bib.0}{Bibliography}{}% 36
\protect \BOOKMARK [0][-]{chapter*.106}{Hebrew Abstract}{}% 37
